build/app/intermediates/manifest_merge_blame_file/debug/manifest-merger-blame-debug-report.txt
1<?xml version="1.0" encoding="utf-8"?>
2<manifest xmlns:android="http://schemas.android.com/apk/res/android"
3    package="com.example.futsal"
4    android:versionCode="1"
5    android:versionName="1.0.0" >
6
7    <uses-sdk
8        android:minSdkVersion="21"
9        android:targetSdkVersion="28" />
10    <!--
11         Flutter needs it to communicate with the running application
12         to allow setting breakpoints, to provide hot reload, etc.
13    -->
14    <uses-permission android:name="android.permission.INTERNET" />
14-->src/debug/AndroidManifest.xml:6:5-66
14-->src/debug/AndroidManifest.xml:6:22-64
15    <uses-permission android:name="android.permission.READ_EXTERNAL_STORAGE" />
15-->[:image_picker] AndroidManifest.xml:7:5-80
15-->[:image_picker] AndroidManifest.xml:7:22-77
16    <uses-permission android:name="android.permission.WRITE_EXTERNAL_STORAGE" /> <!-- Include required permissions for Google Maps API to run. -->
16-->[:image_picker] AndroidManifest.xml:8:5-81
16-->[:image_picker] AndroidManifest.xml:8:22-78
17    <uses-permission android:name="android.permission.ACCESS_NETWORK_STATE" />
17-->[com.google.android.gms:play-services-maps:17.0.0] AndroidManifest.xml:23:5-79
17-->[com.google.android.gms:play-services-maps:17.0.0] AndroidManifest.xml:23:22-76
18
19    <uses-feature
19-->[com.google.android.gms:play-services-maps:17.0.0] AndroidManifest.xml:26:5-28:35
20        android:glEsVersion="0x00020000"
20-->[com.google.android.gms:play-services-maps:17.0.0] AndroidManifest.xml:27:9-41
21        android:required="true" />
21-->[com.google.android.gms:play-services-maps:17.0.0] AndroidManifest.xml:28:9-32
22
23    <uses-permission android:name="android.permission.WAKE_LOCK" />
23-->[com.google.android.gms:play-services-measurement:17.5.0] AndroidManifest.xml:25:5-68
23-->[com.google.android.gms:play-services-measurement:17.5.0] AndroidManifest.xml:25:22-65
24    <uses-permission android:name="com.google.android.finsky.permission.BIND_GET_INSTALL_REFERRER_SERVICE" />
24-->[com.google.android.gms:play-services-measurement:17.5.0] AndroidManifest.xml:26:5-110
24-->[com.google.android.gms:play-services-measurement:17.5.0] AndroidManifest.xml:26:22-107
25    <!--
26 io.flutter.app.FlutterApplication is an android.app.Application that
27         calls FlutterMain.startInitialization(this); in its onCreate method.
28         In most cases you can leave this as-is, but you if you want to provide
29         additional functionality it is fine to subclass or reimplement
30         FlutterApplication and put your custom class here.
31    -->
32    <application
32-->src/main/AndroidManifest.xml:8:5-49:19
33        android:name="io.flutter.app.FlutterApplication"
33-->src/main/AndroidManifest.xml:9:9-57
34        android:appComponentFactory="androidx.core.app.CoreComponentFactory"
34-->[androidx.core:core:1.1.0] AndroidManifest.xml:24:18-86
35        android:debuggable="true"
36        android:icon="@mipmap/ic_launcher"
36-->src/main/AndroidManifest.xml:11:9-43
37        android:label="futsal" >
37-->src/main/AndroidManifest.xml:10:9-31
38        <meta-data
38-->src/main/AndroidManifest.xml:12:9-14:70
39            android:name="com.google.android.geo.API_KEY"
39-->src/main/AndroidManifest.xml:13:13-58
40            android:value="AIzaSyBa4IIClqrvIwPpdZp9rJm1MTBLttcubBI" />
40-->src/main/AndroidManifest.xml:14:13-68
41
42        <activity
42-->src/main/AndroidManifest.xml:15:9-43:20
43            android:name="com.example.futsal.MainActivity"
43-->src/main/AndroidManifest.xml:16:13-41
44            android:configChanges="orientation|keyboardHidden|keyboard|screenSize|smallestScreenSize|locale|layoutDirection|fontScale|screenLayout|density|uiMode"
44-->src/main/AndroidManifest.xml:19:13-163
45            android:hardwareAccelerated="true"
45-->src/main/AndroidManifest.xml:20:13-47
46            android:launchMode="singleTop"
46-->src/main/AndroidManifest.xml:17:13-43
47            android:theme="@style/LaunchTheme"
47-->src/main/AndroidManifest.xml:18:13-47
48            android:windowSoftInputMode="adjustResize" >
48-->src/main/AndroidManifest.xml:21:13-55
49
50            <!--
51                 Specifies an Android theme to apply to this Activity as soon as
52                 the Android process has started. This theme is visible to the user
53                 while the Flutter UI initializes. After that, this theme continues
54                 to determine the Window background behind the Flutter UI.
55            -->
56            <meta-data
56-->src/main/AndroidManifest.xml:26:13-29:17
57                android:name="io.flutter.embedding.android.NormalTheme"
57-->src/main/AndroidManifest.xml:27:15-70
58                android:resource="@style/NormalTheme" />
58-->src/main/AndroidManifest.xml:28:15-52
59            <!--
60                 Displays an Android View that continues showing the launch screen
61                 Drawable until Flutter paints its first frame, then this splash
62                 screen fades out. A splash screen is useful to avoid any visual
63                 gap between the end of Android's launch screen and the painting of
64                 Flutter's first frame.
65            -->
66            <meta-data
66-->src/main/AndroidManifest.xml:35:13-38:17
67                android:name="io.flutter.embedding.android.SplashScreenDrawable"
67-->src/main/AndroidManifest.xml:36:15-79
68                android:resource="@drawable/launch_background" />
68-->src/main/AndroidManifest.xml:37:15-61
69
70            <intent-filter>
70-->src/main/AndroidManifest.xml:39:13-42:29
71                <action android:name="android.intent.action.MAIN" />
71-->src/main/AndroidManifest.xml:40:17-68
71-->src/main/AndroidManifest.xml:40:25-66
72
73                <category android:name="android.intent.category.LAUNCHER" />
73-->src/main/AndroidManifest.xml:41:17-76
73-->src/main/AndroidManifest.xml:41:27-74
74            </intent-filter>
75        </activity>
76        <!--
77             Don't delete the meta-data below.
78             This is used by the Flutter tool to generate GeneratedPluginRegistrant.java
79        -->
80        <meta-data
80-->src/main/AndroidManifest.xml:46:9-48:33
81            android:name="flutterEmbedding"
81-->src/main/AndroidManifest.xml:47:13-44
82            android:value="2" />
82-->src/main/AndroidManifest.xml:48:13-30
83
84        <service
84-->[:firebase_storage] AndroidManifest.xml:8:9-12:19
85            android:name="com.google.firebase.components.ComponentDiscoveryService"
85-->[:firebase_storage] AndroidManifest.xml:8:18-89
86            android:directBootAware="true"
86-->[com.google.firebase:firebase-common:19.3.0] AndroidManifest.xml:34:13-43
87            android:exported="false" >
87-->[com.google.firebase:firebase-auth:19.2.0] AndroidManifest.xml:35:13-37
88            <meta-data
88-->[:firebase_storage] AndroidManifest.xml:9:13-11:85
89                android:name="com.google.firebase.components:io.flutter.plugins.firebase.storage.FlutterFirebaseAppRegistrar"
89-->[:firebase_storage] AndroidManifest.xml:10:17-126
90                android:value="com.google.firebase.components.ComponentRegistrar" />
90-->[:firebase_storage] AndroidManifest.xml:11:17-82
91            <meta-data
91-->[:firebase_auth] AndroidManifest.xml:9:13-11:85
92                android:name="com.google.firebase.components:io.flutter.plugins.firebaseauth.FlutterFirebaseAppRegistrar"
92-->[:firebase_auth] AndroidManifest.xml:10:17-122
93                android:value="com.google.firebase.components.ComponentRegistrar" />
93-->[:firebase_auth] AndroidManifest.xml:11:17-82
94            <meta-data
94-->[:cloud_firestore] AndroidManifest.xml:9:13-11:85
95                android:name="com.google.firebase.components:io.flutter.plugins.firebase.cloudfirestore.FlutterFirebaseAppRegistrar"
95-->[:cloud_firestore] AndroidManifest.xml:10:17-133
96                android:value="com.google.firebase.components.ComponentRegistrar" />
96-->[:cloud_firestore] AndroidManifest.xml:11:17-82
97            <meta-data
97-->[:firebase_core] AndroidManifest.xml:9:13-11:85
98                android:name="com.google.firebase.components:io.flutter.plugins.firebase.core.FlutterFirebaseAppRegistrar"
98-->[:firebase_core] AndroidManifest.xml:10:17-123
99                android:value="com.google.firebase.components.ComponentRegistrar" />
99-->[:firebase_core] AndroidManifest.xml:11:17-82
100            <meta-data
100-->[com.google.firebase:firebase-auth:19.2.0] AndroidManifest.xml:36:13-38:85
101                android:name="com.google.firebase.components:com.google.firebase.auth.FirebaseAuthRegistrar"
101-->[com.google.firebase:firebase-auth:19.2.0] AndroidManifest.xml:37:17-109
102                android:value="com.google.firebase.components.ComponentRegistrar" />
102-->[com.google.firebase:firebase-auth:19.2.0] AndroidManifest.xml:38:17-82
103            <meta-data
103-->[com.google.android.gms:play-services-measurement-api:17.5.0] AndroidManifest.xml:30:13-32:85
104                android:name="com.google.firebase.components:com.google.firebase.analytics.connector.internal.AnalyticsConnectorRegistrar"
104-->[com.google.android.gms:play-services-measurement-api:17.5.0] AndroidManifest.xml:31:17-139
105                android:value="com.google.firebase.components.ComponentRegistrar" />
105-->[com.google.android.gms:play-services-measurement-api:17.5.0] AndroidManifest.xml:32:17-82
106            <meta-data
106-->[com.google.firebase:firebase-storage:17.0.0] AndroidManifest.xml:31:13-33:85
107                android:name="com.google.firebase.components:com.google.firebase.storage.StorageRegistrar"
107-->[com.google.firebase:firebase-storage:17.0.0] AndroidManifest.xml:32:17-107
108                android:value="com.google.firebase.components.ComponentRegistrar" />
108-->[com.google.firebase:firebase-storage:17.0.0] AndroidManifest.xml:33:17-82
109            <meta-data
109-->[com.google.firebase:firebase-firestore:21.3.0] AndroidManifest.xml:20:13-22:85
110                android:name="com.google.firebase.components:com.google.firebase.firestore.FirestoreRegistrar"
110-->[com.google.firebase:firebase-firestore:21.3.0] AndroidManifest.xml:21:17-111
111                android:value="com.google.firebase.components.ComponentRegistrar" />
111-->[com.google.firebase:firebase-firestore:21.3.0] AndroidManifest.xml:22:17-82
112            <meta-data
112-->[com.google.firebase:firebase-installations:16.3.2] AndroidManifest.xml:17:13-19:85
113                android:name="com.google.firebase.components:com.google.firebase.installations.FirebaseInstallationsRegistrar"
113-->[com.google.firebase:firebase-installations:16.3.2] AndroidManifest.xml:18:17-127
114                android:value="com.google.firebase.components.ComponentRegistrar" />
114-->[com.google.firebase:firebase-installations:16.3.2] AndroidManifest.xml:19:17-82
115        </service>
116
117        <provider
117-->[:image_picker] AndroidManifest.xml:11:9-19:20
118            android:name="io.flutter.plugins.imagepicker.ImagePickerFileProvider"
118-->[:image_picker] AndroidManifest.xml:12:13-82
119            android:authorities="com.example.futsal.flutter.image_provider"
119-->[:image_picker] AndroidManifest.xml:13:13-74
120            android:exported="false"
120-->[:image_picker] AndroidManifest.xml:14:13-37
121            android:grantUriPermissions="true" >
121-->[:image_picker] AndroidManifest.xml:15:13-47
122            <meta-data
122-->[:image_picker] AndroidManifest.xml:16:13-18:75
123                android:name="android.support.FILE_PROVIDER_PATHS"
123-->[:image_picker] AndroidManifest.xml:17:17-67
124                android:resource="@xml/flutter_image_picker_file_paths" />
124-->[:image_picker] AndroidManifest.xml:18:17-72
125        </provider> <!-- Needs to be explicitly declared on P+ -->
126        <uses-library
126-->[com.google.android.gms:play-services-maps:17.0.0] AndroidManifest.xml:33:9-35:40
127            android:name="org.apache.http.legacy"
127-->[com.google.android.gms:play-services-maps:17.0.0] AndroidManifest.xml:34:13-50
128            android:required="false" />
128-->[com.google.android.gms:play-services-maps:17.0.0] AndroidManifest.xml:35:13-37
129
130        <activity
130-->[com.google.firebase:firebase-auth:19.2.0] AndroidManifest.xml:24:9-31:50
131            android:name="com.google.firebase.auth.internal.FederatedSignInActivity"
131-->[com.google.firebase:firebase-auth:19.2.0] AndroidManifest.xml:25:13-85
132            android:excludeFromRecents="true"
132-->[com.google.firebase:firebase-auth:19.2.0] AndroidManifest.xml:26:13-46
133            android:exported="true"
133-->[com.google.firebase:firebase-auth:19.2.0] AndroidManifest.xml:27:13-36
134            android:launchMode="singleTask"
134-->[com.google.firebase:firebase-auth:19.2.0] AndroidManifest.xml:28:13-44
135            android:permission="com.google.firebase.auth.api.gms.permission.LAUNCH_FEDERATED_SIGN_IN"
135-->[com.google.firebase:firebase-auth:19.2.0] AndroidManifest.xml:29:13-102
136            android:theme="@android:style/Theme.Translucent.NoTitleBar" />
136-->[com.google.firebase:firebase-auth:19.2.0] AndroidManifest.xml:30:13-72
137
138        <receiver
138-->[com.google.android.gms:play-services-measurement:17.5.0] AndroidManifest.xml:29:9-33:20
139            android:name="com.google.android.gms.measurement.AppMeasurementReceiver"
139-->[com.google.android.gms:play-services-measurement:17.5.0] AndroidManifest.xml:30:13-85
140            android:enabled="true"
140-->[com.google.android.gms:play-services-measurement:17.5.0] AndroidManifest.xml:31:13-35
141            android:exported="false" >
141-->[com.google.android.gms:play-services-measurement:17.5.0] AndroidManifest.xml:32:13-37
142        </receiver>
143
144        <service
144-->[com.google.android.gms:play-services-measurement:17.5.0] AndroidManifest.xml:35:9-38:40
145            android:name="com.google.android.gms.measurement.AppMeasurementService"
145-->[com.google.android.gms:play-services-measurement:17.5.0] AndroidManifest.xml:36:13-84
146            android:enabled="true"
146-->[com.google.android.gms:play-services-measurement:17.5.0] AndroidManifest.xml:37:13-35
147            android:exported="false" />
147-->[com.google.android.gms:play-services-measurement:17.5.0] AndroidManifest.xml:38:13-37
148        <service
148-->[com.google.android.gms:play-services-measurement:17.5.0] AndroidManifest.xml:39:9-43:72
149            android:name="com.google.android.gms.measurement.AppMeasurementJobService"
149-->[com.google.android.gms:play-services-measurement:17.5.0] AndroidManifest.xml:40:13-87
150            android:enabled="true"
150-->[com.google.android.gms:play-services-measurement:17.5.0] AndroidManifest.xml:41:13-35
151            android:exported="false"
151-->[com.google.android.gms:play-services-measurement:17.5.0] AndroidManifest.xml:42:13-37
152            android:permission="android.permission.BIND_JOB_SERVICE" />
152-->[com.google.android.gms:play-services-measurement:17.5.0] AndroidManifest.xml:43:13-69
153
154        <provider
154-->[com.google.firebase:firebase-common:19.3.0] AndroidManifest.xml:26:9-30:39
155            android:name="com.google.firebase.provider.FirebaseInitProvider"
155-->[com.google.firebase:firebase-common:19.3.0] AndroidManifest.xml:27:13-77
156            android:authorities="com.example.futsal.firebaseinitprovider"
156-->[com.google.firebase:firebase-common:19.3.0] AndroidManifest.xml:28:13-72
157            android:exported="false"
157-->[com.google.firebase:firebase-common:19.3.0] AndroidManifest.xml:29:13-37
158            android:initOrder="100" />
158-->[com.google.firebase:firebase-common:19.3.0] AndroidManifest.xml:30:13-36
159
160        <activity
160-->[com.google.android.gms:play-services-base:17.1.0] AndroidManifest.xml:23:9-26:75
161            android:name="com.google.android.gms.common.api.GoogleApiActivity"
161-->[com.google.android.gms:play-services-base:17.1.0] AndroidManifest.xml:24:13-79
162            android:exported="false"
162-->[com.google.android.gms:play-services-base:17.1.0] AndroidManifest.xml:25:13-37
163            android:theme="@android:style/Theme.Translucent.NoTitleBar" />
163-->[com.google.android.gms:play-services-base:17.1.0] AndroidManifest.xml:26:13-72
164
165        <meta-data
165-->[com.google.android.gms:play-services-basement:17.0.0] AndroidManifest.xml:23:9-25:69
166            android:name="com.google.android.gms.version"
166-->[com.google.android.gms:play-services-basement:17.0.0] AndroidManifest.xml:24:13-58
167            android:value="@integer/google_play_services_version" />
167-->[com.google.android.gms:play-services-basement:17.0.0] AndroidManifest.xml:25:13-66
168    </application>
169
170</manifest>